<?xml version="1.0" encoding="UTF-8"?>
<testsuite xmlns:xsi="http://www.w3.org/2001/XMLSchema-instance" xsi:noNamespaceSchemaLocation="https://maven.apache.org/surefire/maven-surefire-plugin/xsd/surefire-test-report.xsd" version="3.0.2" name="TestSuite" time="30.614" tests="1" errors="0" skipped="0" failures="0">
  <properties>
[...]
</properties>
  <testcase name="loginValidateHomeAndLogout" classname="tests.Smoke.LoginSmokeTest" time="12.172">
    <system-out><![CDATA[23:39:15.708 INFO  [main] framework.driver.DriverFactory - Creando driver para platform=ANDROID | appiumServerUrl=http://127.0.0.1:4723
23:39:15.780 INFO  [main] framework.driver.DriverFactory - Android caps -> Capabilities {appium:app: C:\Users\wilder.perez\Docum..., appium:appActivity: com.saucelabs.mydemoapp.and..., appium:appPackage: com.saucelabs.mydemoapp.and..., appium:appWaitActivity: com.saucelabs.mydemoapp.and..., appium:appWaitDuration: 60000, appium:autoGrantPermissions: true, appium:automationName: UIAutomator2, appium:deviceName: Android Emulator, appium:disableWindowAnimation: true, appium:fullReset: false, appium:newCommandTimeout: 120, appium:noReset: false, appium:udid: emulator-5554, platformName: ANDROID}
23:39:29.507 INFO  [main] framework.screens.HomeAppScreen - Home: abriendo menú lateral
23:39:32.178 INFO  [main] framework.screens.MenuScreen - Menú: yendo a Login
23:39:33.705 INFO  [main] framework.screens.LoginScreen - Login: ingresando username
23:39:35.384 INFO  [main] framework.screens.LoginScreen - Login: ingresando password
23:39:36.045 INFO  [main] framework.screens.LoginScreen - Login: click en botón Login
23:39:36.755 INFO  [main] framework.screens.ProductHomeScreen - Products: validando pantalla Products
23:39:39.035 INFO  [main] framework.screens.ProductHomeScreen - Products: loaded = true
23:39:39.039 INFO  [main] framework.screens.HomeAppScreen - Home: abriendo menú lateral
23:39:39.322 INFO  [main] framework.screens.MenuScreen - Menú: seleccionando Logout
23:39:40.608 INFO  [main] f.screens.LogoutConfirmDialog - Logout dialog: confirmando logout (OK)
]]></system-out>
  </testcase>
</testsuite>