<?xml version="1.0" encoding="UTF-8"?>
<testng-results ignored="0" total="1" passed="1" failed="0" skipped="0">
  <reporter-output>
  </reporter-output>
  <suite started-at="2026-02-02T23:39:15 COT" name="Smoke Suite" finished-at="2026-02-02T23:39:44 COT" duration-ms="29290">
    <groups>
    </groups>
    <test started-at="2026-02-02T23:39:15 COT" name="Login Smoke Flow" finished-at="2026-02-02T23:39:44 COT" duration-ms="29290">
      <class name="tests.Smoke.LoginSmokeTest">
        <test-method is-config="true" signature="setUp()[pri:0, instance:tests.Smoke.LoginSmokeTest@1c481ff2]" started-at="2026-02-02T23:39:15 COT" name="setUp" finished-at="2026-02-02T23:39:29 COT" duration-ms="13812" status="PASS">
          <reporter-output>
          </reporter-output>
        </test-method> <!-- setUp -->
        <test-method signature="loginValidateHomeAndLogout()[pri:0, instance:tests.Smoke.LoginSmokeTest@1c481ff2]" started-at="2026-02-02T23:39:29 COT" name="loginValidateHomeAndLogout" finished-at="2026-02-02T23:39:41 COT" duration-ms="12172" status="PASS">
          <reporter-output>
          </reporter-output>
        </test-method> <!-- loginValidateHomeAndLogout -->
        <test-method is-config="true" signature="tearDown()[pri:0, instance:tests.Smoke.LoginSmokeTest@1c481ff2]" started-at="2026-02-02T23:39:41 COT" name="tearDown" finished-at="2026-02-02T23:39:44 COT" duration-ms="3248" status="PASS">
          <reporter-output>
          </reporter-output>
        </test-method> <!-- tearDown -->
      </class> <!-- tests.Smoke.LoginSmokeTest -->
    </test> <!-- Login Smoke Flow -->
  </suite> <!-- Smoke Suite -->
</testng-results>
